2023-06-24 21:26:27,252 INFO o.a.j.u.JMeterUtils: Setting Locale to en_EN
2023-06-24 21:26:27,287 INFO o.a.j.JMeter: Loading user properties from: user.properties
2023-06-24 21:26:27,288 INFO o.a.j.JMeter: Loading system properties from: system.properties
2023-06-24 21:26:27,298 INFO o.a.j.JMeter: Copyright (c) 1998-2022 The Apache Software Foundation
2023-06-24 21:26:27,299 INFO o.a.j.JMeter: Version 5.5
2023-06-24 21:26:27,299 INFO o.a.j.JMeter: java.version=17.0.6
2023-06-24 21:26:27,299 INFO o.a.j.JMeter: java.vm.name=Java HotSpot(TM) 64-Bit Server VM
2023-06-24 21:26:27,299 INFO o.a.j.JMeter: os.name=Windows 10
2023-06-24 21:26:27,299 INFO o.a.j.JMeter: os.arch=amd64
2023-06-24 21:26:27,299 INFO o.a.j.JMeter: os.version=10.0
2023-06-24 21:26:27,299 INFO o.a.j.JMeter: file.encoding=Cp1252
2023-06-24 21:26:27,299 INFO o.a.j.JMeter: java.awt.headless=true
2023-06-24 21:26:27,299 INFO o.a.j.JMeter: Max memory     =1073741824
2023-06-24 21:26:27,299 INFO o.a.j.JMeter: Available Processors =4
2023-06-24 21:26:27,313 INFO o.a.j.JMeter: Default Locale=English (EN)
2023-06-24 21:26:27,314 INFO o.a.j.JMeter: JMeter  Locale=English (EN)
2023-06-24 21:26:27,314 INFO o.a.j.JMeter: JMeterHome=E:\D\apache-jmeter-5.5
2023-06-24 21:26:27,314 INFO o.a.j.JMeter: user.dir  =E:\D\apache-jmeter-5.5\bin
2023-06-24 21:26:27,314 INFO o.a.j.JMeter: PWD       =E:\D\apache-jmeter-5.5\bin
2023-06-24 21:26:27,348 INFO o.a.j.JMeter: IP: 192.168.1.39 Name: DESKTOP-T73090F FullName: 192.168.1.39
2023-06-24 21:26:27,366 INFO o.a.j.r.RmiUtils: Disabling SSL for RMI as server.rmi.ssl.disable is set to 'true'
2023-06-24 21:26:27,366 INFO o.a.j.r.RmiUtils: Disabling SSL for RMI as server.rmi.ssl.disable is set to 'true'
2023-06-24 21:26:27,469 INFO o.a.j.e.RemoteJMeterEngineImpl: Starting backing engine on 1099
2023-06-24 21:26:27,469 INFO o.a.j.r.RmiUtils: System property 'java.rmi.server.hostname' is not defined, using localHost address
2023-06-24 21:26:27,470 INFO o.a.j.r.RmiUtils: Local IP address=192.168.1.39
2023-06-24 21:26:27,470 INFO o.a.j.e.RemoteJMeterEngineImpl: IP address is a site-local address; this may cause problems with remote access.
	Can be overridden by defining the system property 'java.rmi.server.hostname' - see jmeter-server script file
2023-06-24 21:26:27,470 INFO o.a.j.e.RemoteJMeterEngineImpl: Creating RMI registry (server.rmi.create=true)
2023-06-24 21:26:27,470 INFO o.a.j.r.RmiUtils: Disabling SSL for RMI as server.rmi.ssl.disable is set to 'true'
2023-06-24 21:26:27,470 INFO o.a.j.r.RmiUtils: Disabling SSL for RMI as server.rmi.ssl.disable is set to 'true'
2023-06-24 21:26:27,473 INFO o.a.j.e.RemoteJMeterEngineImpl: Bound to RMI registry on port 1099
2023-06-24 21:30:00,901 INFO o.a.j.p.h.s.HTTPSamplerBase: Parser for text/html is org.apache.jmeter.protocol.http.parser.LagartoBasedHtmlParser
2023-06-24 21:30:00,902 INFO o.a.j.p.h.s.HTTPSamplerBase: Parser for application/xhtml+xml is org.apache.jmeter.protocol.http.parser.LagartoBasedHtmlParser
2023-06-24 21:30:00,902 INFO o.a.j.p.h.s.HTTPSamplerBase: Parser for application/xml is org.apache.jmeter.protocol.http.parser.LagartoBasedHtmlParser
2023-06-24 21:30:00,902 INFO o.a.j.p.h.s.HTTPSamplerBase: Parser for text/xml is org.apache.jmeter.protocol.http.parser.LagartoBasedHtmlParser
2023-06-24 21:30:00,902 INFO o.a.j.p.h.s.HTTPSamplerBase: Parser for text/vnd.wap.wml is org.apache.jmeter.protocol.http.parser.RegexpHTMLParser
2023-06-24 21:30:00,902 INFO o.a.j.p.h.s.HTTPSamplerBase: Parser for text/css is org.apache.jmeter.protocol.http.parser.CssParser
2023-06-24 21:30:00,914 INFO o.a.j.p.h.c.CookieManager: Settings: Delete null: true Check: true Allow variable: true Save: false Prefix: COOKIE_
2023-06-24 21:30:00,929 INFO o.a.j.s.SampleEvent: List of sample_variables: []
2023-06-24 21:30:00,939 INFO o.a.j.s.BatchSampleSender: Using batching for this run. Thresholds: num=100, time=60000
2023-06-24 21:30:00,939 INFO o.a.j.s.DataStrippingSampleSender: Using DataStrippingSampleSender for this run with stripAlsoOnError: true
2023-06-24 21:30:00,960 INFO o.a.j.e.RemoteJMeterEngineImpl: Creating JMeter engine on host 127.0.0.1 base '.'
2023-06-24 21:30:00,960 INFO o.a.j.e.RemoteJMeterEngineImpl: Remote client host: 192.168.1.39
2023-06-24 21:30:00,965 INFO o.a.j.s.FileServer: Default base='E:\D\apache-jmeter-5.5\bin'
2023-06-24 21:30:00,967 INFO o.a.j.s.FileServer: Set new base='.'
2023-06-24 21:30:00,969 INFO o.a.j.e.StandardJMeterEngine: Applying properties {}
2023-06-24 21:30:00,970 INFO o.a.j.e.RemoteJMeterEngineImpl: Running test
2023-06-24 21:30:01,015 INFO o.a.j.e.StandardJMeterEngine: Running the test!
2023-06-24 21:30:01,019 INFO o.a.j.s.SampleEvent: List of sample_variables: []
2023-06-24 21:30:01,030 INFO o.a.j.e.u.CompoundVariable: Note: Function class names must contain the string: '.functions.'
2023-06-24 21:30:01,030 INFO o.a.j.e.u.CompoundVariable: Note: Function class names must not contain the string: '.gui.'
2023-06-24 21:30:01,221 INFO o.a.j.e.StandardJMeterEngine: Starting ThreadGroup: 1 : Thread Group
2023-06-24 21:30:01,222 INFO o.a.j.e.StandardJMeterEngine: Starting 2 threads for group Thread Group.
2023-06-24 21:30:01,222 INFO o.a.j.e.StandardJMeterEngine: Thread will continue on error
2023-06-24 21:30:01,222 INFO o.a.j.t.ThreadGroup: Starting thread group... number=1 threads=2 ramp-up=1 delayedStart=false
2023-06-24 21:30:01,228 INFO o.a.j.t.ThreadGroup: Started thread group number 1
2023-06-24 21:30:01,228 INFO o.a.j.e.StandardJMeterEngine: All thread groups have been started
2023-06-24 21:30:01,231 INFO o.a.j.t.JMeterThread: Thread started: 127.0.0.1-Thread Group 1-1
2023-06-24 21:30:01,269 INFO o.a.j.p.h.s.HTTPHCAbstractImpl: Local host = DESKTOP-T73090F
2023-06-24 21:30:01,277 INFO o.a.j.p.h.s.HTTPHC4Impl: HTTP request retry count = 0
2023-06-24 21:30:01,278 INFO o.a.j.s.SampleResult: Note: Sample TimeStamps are START times
2023-06-24 21:30:01,278 INFO o.a.j.s.SampleResult: sampleresult.default.encoding is set to ISO-8859-1
2023-06-24 21:30:01,278 INFO o.a.j.s.SampleResult: sampleresult.useNanoTime=true
2023-06-24 21:30:01,278 INFO o.a.j.s.SampleResult: sampleresult.nanoThreadSleep=5000
2023-06-24 21:30:01,726 INFO o.a.j.t.JMeterThread: Thread started: 127.0.0.1-Thread Group 1-2
2023-06-24 21:30:01,755 INFO o.a.j.t.JMeterThread: Thread is done: 127.0.0.1-Thread Group 1-1
2023-06-24 21:30:01,755 INFO o.a.j.t.JMeterThread: Thread finished: 127.0.0.1-Thread Group 1-1
2023-06-24 21:30:02,070 INFO o.a.j.t.JMeterThread: Thread is done: 127.0.0.1-Thread Group 1-2
2023-06-24 21:30:02,070 INFO o.a.j.t.JMeterThread: Thread finished: 127.0.0.1-Thread Group 1-2
2023-06-24 21:30:02,072 INFO o.a.j.e.StandardJMeterEngine: Notifying test listeners of end of test
2023-06-24 21:30:02,072 INFO o.a.j.s.DataStrippingSampleSender: Test Ended on 127.0.0.1
2023-06-24 21:30:02,072 INFO o.a.j.s.BatchSampleSender: Test Ended on 127.0.0.1
2023-06-24 21:30:02,092 INFO o.a.j.e.StandardJMeterEngine: Test has ended on host 127.0.0.1 
