2024-01-22 22:29:16,311 INFO o.a.j.u.JMeterUtils: Setting Locale to en_EN
2024-01-22 22:29:16,411 INFO o.a.j.JMeter: Loading user properties from: user.properties
2024-01-22 22:29:16,432 INFO o.a.j.JMeter: Loading system properties from: system.properties
2024-01-22 22:29:16,452 INFO o.a.j.JMeter: Copyright (c) 1998-2022 The Apache Software Foundation
2024-01-22 22:29:16,452 INFO o.a.j.JMeter: Version 5.5
2024-01-22 22:29:16,453 INFO o.a.j.JMeter: java.version=17.0.6
2024-01-22 22:29:16,453 INFO o.a.j.JMeter: java.vm.name=Java HotSpot(TM) 64-Bit Server VM
2024-01-22 22:29:16,453 INFO o.a.j.JMeter: os.name=Windows 10
2024-01-22 22:29:16,453 INFO o.a.j.JMeter: os.arch=amd64
2024-01-22 22:29:16,453 INFO o.a.j.JMeter: os.version=10.0
2024-01-22 22:29:16,453 INFO o.a.j.JMeter: file.encoding=Cp1252
2024-01-22 22:29:16,454 INFO o.a.j.JMeter: java.awt.headless=null
2024-01-22 22:29:16,454 INFO o.a.j.JMeter: Max memory     =1073741824
2024-01-22 22:29:16,454 INFO o.a.j.JMeter: Available Processors =4
2024-01-22 22:29:16,477 INFO o.a.j.JMeter: Default Locale=English (EN)
2024-01-22 22:29:16,478 INFO o.a.j.JMeter: JMeter  Locale=English (EN)
2024-01-22 22:29:16,478 INFO o.a.j.JMeter: JMeterHome=E:\D\apache-jmeter-5.5
2024-01-22 22:29:16,478 INFO o.a.j.JMeter: user.dir  =E:\D\apache-jmeter-5.5\bin
2024-01-22 22:29:16,478 INFO o.a.j.JMeter: PWD       =E:\D\apache-jmeter-5.5\bin
2024-01-22 22:29:16,538 INFO o.a.j.JMeter: IP: 192.168.1.35 Name: DESKTOP-T73090F FullName: 192.168.1.35
2024-01-22 22:29:16,560 INFO o.a.j.JMeter: Loaded icon properties from org/apache/jmeter/images/icon.properties
2024-01-22 22:29:17,409 INFO o.a.j.JMeterGuiLauncher: Setting LAF to: laf:com.sun.java.swing.plaf.windows.WindowsClassicLookAndFeel
2024-01-22 22:29:21,712 WARN o.j.r.PluginManager: Found JAR conflict: E:\D\apache-jmeter-5.5\lib\ext\jmeter-plugins-manager-1.9.jar and E:\D\apache-jmeter-5.5\lib\ext\jmeter-plugins-manager-1.10.jar
2024-01-22 22:29:21,717 WARN o.j.r.PluginManager: Found JAR conflict: E:\D\apache-jmeter-5.5\lib\ext\jmeter-plugins-webdriver-4.9.1.0.jar and E:\D\apache-jmeter-5.5\lib\ext\jmeter-plugins-webdriver-4.13.0.0.jar
2024-01-22 22:29:22,841 INFO o.j.r.JARSourceHTTP: Found cached repo
2024-01-22 22:29:23,459 INFO o.j.r.PluginManager: Plugins Status: [jpgc-graphs-basic=2.0, jpgc-cmd=2.2, jpgc-casutg=2.10, jpgc-ggl=2.0, tilln-iso8583=1.3, jpgc-perfmon=2.1, jpgc-plugins-manager=1.10, jpgc-webdriver=4.13.0.0, jmeter-core=5.5, jmeter-ftp=5.5, jmeter-http=5.5, jmeter-jdbc=5.5, jmeter-jms=5.5, jmeter-junit=5.5, jmeter-java=5.5, jmeter-ldap=5.5, jmeter-mail=5.5, jmeter-mongodb=5.5, jmeter-native=5.5, jmeter-tcp=5.5, jmeter-components=5.5]
2024-01-22 22:29:52,194 INFO o.a.j.s.FileServer: Default base='E:\D\apache-jmeter-5.5\bin'
2024-01-22 22:29:52,198 INFO o.a.j.g.a.Load: Loading file: C:\Users\HP\Downloads\WebloadMPSTORE.jmx
2024-01-22 22:29:52,199 INFO o.a.j.s.FileServer: Set new base='C:\Users\HP\Downloads'
2024-01-22 22:29:52,509 INFO o.a.j.s.SaveService: Testplan (JMX) version: 2.2. Testlog (JTL) version: 2.2
2024-01-22 22:29:52,564 INFO o.a.j.s.SaveService: Using SaveService properties version 5.0
2024-01-22 22:29:52,567 INFO o.a.j.s.SaveService: Using SaveService properties file encoding UTF-8
2024-01-22 22:29:52,570 INFO o.a.j.s.SaveService: Loading file: C:\Users\HP\Downloads\WebloadMPSTORE.jmx
2024-01-22 22:29:52,911 INFO o.a.j.p.h.c.CookieManager: Settings: Delete null: true Check: true Allow variable: true Save: false Prefix: COOKIE_
2024-01-22 22:29:52,929 INFO o.a.j.p.h.c.CacheManager: Will only cache the following methods: [GET]
2024-01-22 22:29:52,958 INFO o.a.j.p.h.s.HTTPSamplerBase: Parser for text/html is org.apache.jmeter.protocol.http.parser.LagartoBasedHtmlParser
2024-01-22 22:29:52,958 INFO o.a.j.p.h.s.HTTPSamplerBase: Parser for application/xhtml+xml is org.apache.jmeter.protocol.http.parser.LagartoBasedHtmlParser
2024-01-22 22:29:52,959 INFO o.a.j.p.h.s.HTTPSamplerBase: Parser for application/xml is org.apache.jmeter.protocol.http.parser.LagartoBasedHtmlParser
2024-01-22 22:29:52,959 INFO o.a.j.p.h.s.HTTPSamplerBase: Parser for text/xml is org.apache.jmeter.protocol.http.parser.LagartoBasedHtmlParser
2024-01-22 22:29:52,960 INFO o.a.j.p.h.s.HTTPSamplerBase: Parser for text/vnd.wap.wml is org.apache.jmeter.protocol.http.parser.RegexpHTMLParser
2024-01-22 22:29:52,960 INFO o.a.j.p.h.s.HTTPSamplerBase: Parser for text/css is org.apache.jmeter.protocol.http.parser.CssParser
2024-01-22 22:29:53,957 INFO o.a.j.s.SampleResult: Note: Sample TimeStamps are START times
2024-01-22 22:29:53,957 INFO o.a.j.s.SampleResult: sampleresult.default.encoding is set to ISO-8859-1
2024-01-22 22:29:53,957 INFO o.a.j.s.SampleResult: sampleresult.useNanoTime=true
2024-01-22 22:29:53,957 INFO o.a.j.s.SampleResult: sampleresult.nanoThreadSleep=5000
2024-01-22 22:29:53,995 INFO o.a.j.v.ViewResultsFullVisualizer: Add JavaFX to your Java installation if you want to use renderer: org.apache.jmeter.visualizers.RenderInBrowser
2024-01-22 22:29:54,115 INFO o.a.j.v.ViewResultsFullVisualizer: Add JavaFX to your Java installation if you want to use renderer: org.apache.jmeter.visualizers.RenderInBrowser
2024-01-22 22:29:54,170 INFO o.a.j.s.FileServer: Set new base='C:\Users\HP\Downloads'
