"Reference Handler" daemon prio=10 Id=2 RUNNABLE
	at java.base@17.0.6/java.lang.ref.Reference.waitForReferencePendingList(Native Method)
	at java.base@17.0.6/java.lang.ref.Reference.processPendingReferences(Reference.java:253)
	at java.base@17.0.6/java.lang.ref.Reference$ReferenceHandler.run(Reference.java:215)

"Finalizer" daemon prio=8 Id=3 WAITING on java.lang.ref.ReferenceQueue$Lock@3fca9767
	at java.base@17.0.6/java.lang.Object.wait(Native Method)
	-  waiting on java.lang.ref.ReferenceQueue$Lock@3fca9767
	at java.base@17.0.6/java.lang.ref.ReferenceQueue.remove(ReferenceQueue.java:155)
	at java.base@17.0.6/java.lang.ref.ReferenceQueue.remove(ReferenceQueue.java:176)
	at java.base@17.0.6/java.lang.ref.Finalizer$FinalizerThread.run(Finalizer.java:172)

"Signal Dispatcher" daemon prio=9 Id=4 RUNNABLE

"Attach Listener" daemon prio=5 Id=5 RUNNABLE

"Common-Cleaner" daemon prio=8 Id=12 TIMED_WAITING on java.lang.ref.ReferenceQueue$Lock@40c89f45
	at java.base@17.0.6/java.lang.Object.wait(Native Method)
	-  waiting on java.lang.ref.ReferenceQueue$Lock@40c89f45
	at java.base@17.0.6/java.lang.ref.ReferenceQueue.remove(ReferenceQueue.java:155)
	at java.base@17.0.6/jdk.internal.ref.CleanerImpl.run(CleanerImpl.java:140)
	at java.base@17.0.6/java.lang.Thread.run(Thread.java:833)
	at java.base@17.0.6/jdk.internal.misc.InnocuousThread.run(InnocuousThread.java:162)

"Notification Thread" daemon prio=9 Id=13 RUNNABLE

"Java2D Disposer" daemon prio=10 Id=16 WAITING on java.lang.ref.ReferenceQueue$Lock@345a38eb
	at java.base@17.0.6/java.lang.Object.wait(Native Method)
	-  waiting on java.lang.ref.ReferenceQueue$Lock@345a38eb
	at java.base@17.0.6/java.lang.ref.ReferenceQueue.remove(ReferenceQueue.java:155)
	at java.base@17.0.6/java.lang.ref.ReferenceQueue.remove(ReferenceQueue.java:176)
	at java.desktop@17.0.6/sun.java2d.Disposer.run(Disposer.java:145)
	at java.base@17.0.6/java.lang.Thread.run(Thread.java:833)

"AWT-Shutdown" prio=5 Id=17 WAITING on java.lang.Object@47b951fe
	at java.base@17.0.6/java.lang.Object.wait(Native Method)
	-  waiting on java.lang.Object@47b951fe
	at java.base@17.0.6/java.lang.Object.wait(Object.java:338)
	at java.desktop@17.0.6/sun.awt.AWTAutoShutdown.run(AWTAutoShutdown.java:291)
	at java.base@17.0.6/java.lang.Thread.run(Thread.java:833)

"AWT-Windows" daemon prio=6 Id=18 RUNNABLE
	at java.desktop@17.0.6/sun.awt.windows.WToolkit.eventLoop(Native Method)
	at java.desktop@17.0.6/sun.awt.windows.WToolkit.run(WToolkit.java:365)
	at java.base@17.0.6/java.lang.Thread.run(Thread.java:833)

"TimerQueue" daemon prio=5 Id=21 TIMED_WAITING on java.util.concurrent.locks.AbstractQueuedSynchronizer$ConditionObject@289517b7
	at java.base@17.0.6/jdk.internal.misc.Unsafe.park(Native Method)
	-  waiting on java.util.concurrent.locks.AbstractQueuedSynchronizer$ConditionObject@289517b7
	at java.base@17.0.6/java.util.concurrent.locks.LockSupport.parkNanos(LockSupport.java:252)
	at java.base@17.0.6/java.util.concurrent.locks.AbstractQueuedSynchronizer$ConditionObject.awaitNanos(AbstractQueuedSynchronizer.java:1672)
	at java.base@17.0.6/java.util.concurrent.DelayQueue.take(DelayQueue.java:229)
	at java.desktop@17.0.6/javax.swing.TimerQueue.run(TimerQueue.java:172)
	at java.base@17.0.6/java.lang.Thread.run(Thread.java:833)

	Number of locked synchronizers = 1
	- java.util.concurrent.locks.ReentrantLock$NonfairSync@2c2397c1

"AWT-EventQueue-0" prio=6 Id=22 RUNNABLE
	at java.management@17.0.6/sun.management.ThreadImpl.dumpThreads0(Native Method)
	at java.management@17.0.6/sun.management.ThreadImpl.dumpAllThreads(ThreadImpl.java:521)
	at java.management@17.0.6/sun.management.ThreadImpl.dumpAllThreads(ThreadImpl.java:509)
	at org.apache.jorphan.util.ThreadDumper.writeThreadDump(ThreadDumper.java:80)
	at org.apache.jorphan.util.ThreadDumper.threadDump(ThreadDumper.java:68)
	at org.apache.jorphan.util.ThreadDumper.threadDump(ThreadDumper.java:51)
	at org.apache.jmeter.gui.action.What.doAction(What.java:90)
	at org.apache.jmeter.gui.action.ActionRouter.performAction(ActionRouter.java:87)
	...

"DefaultDispatcher-worker-1" daemon prio=6 Id=24 TIMED_WAITING
	at java.base@17.0.6/jdk.internal.misc.Unsafe.park(Native Method)
	at java.base@17.0.6/java.util.concurrent.locks.LockSupport.parkNanos(LockSupport.java:376)
	at kotlinx.coroutines.scheduling.CoroutineScheduler$Worker.park(CoroutineScheduler.kt:794)
	at kotlinx.coroutines.scheduling.CoroutineScheduler$Worker.tryPark(CoroutineScheduler.kt:739)
	at kotlinx.coroutines.scheduling.CoroutineScheduler$Worker.runWorker(CoroutineScheduler.kt:710)
	at kotlinx.coroutines.scheduling.CoroutineScheduler$Worker.run(CoroutineScheduler.kt:664)

"DefaultDispatcher-worker-2" daemon prio=6 Id=25 TIMED_WAITING
	at java.base@17.0.6/jdk.internal.misc.Unsafe.park(Native Method)
	at java.base@17.0.6/java.util.concurrent.locks.LockSupport.parkNanos(LockSupport.java:376)
	at kotlinx.coroutines.scheduling.CoroutineScheduler$Worker.park(CoroutineScheduler.kt:794)
	at kotlinx.coroutines.scheduling.CoroutineScheduler$Worker.tryPark(CoroutineScheduler.kt:739)
	at kotlinx.coroutines.scheduling.CoroutineScheduler$Worker.runWorker(CoroutineScheduler.kt:710)
	at kotlinx.coroutines.scheduling.CoroutineScheduler$Worker.run(CoroutineScheduler.kt:664)

"DestroyJavaVM" prio=5 Id=30 RUNNABLE

"NanoOffset" daemon prio=6 Id=35 TIMED_WAITING
	at java.base@17.0.6/java.lang.Thread.sleep(Native Method)
	at java.base@17.0.6/java.lang.Thread.sleep(Thread.java:337)
	at java.base@17.0.6/java.util.concurrent.TimeUnit.sleep(TimeUnit.java:446)
	at org.apache.jmeter.samplers.SampleResult$NanoOffset.getOffset(SampleResult.java:1512)
	at org.apache.jmeter.samplers.SampleResult$NanoOffset.run(SampleResult.java:1506)

"Swing-Shell" daemon prio=10 Id=36 WAITING on java.util.concurrent.locks.AbstractQueuedSynchronizer$ConditionObject@4dedff2e
	at java.base@17.0.6/jdk.internal.misc.Unsafe.park(Native Method)
	-  waiting on java.util.concurrent.locks.AbstractQueuedSynchronizer$ConditionObject@4dedff2e
	at java.base@17.0.6/java.util.concurrent.locks.LockSupport.park(LockSupport.java:341)
	at java.base@17.0.6/java.util.concurrent.locks.AbstractQueuedSynchronizer$ConditionNode.block(AbstractQueuedSynchronizer.java:506)
	at java.base@17.0.6/java.util.concurrent.ForkJoinPool.unmanagedBlock(ForkJoinPool.java:3463)
	at java.base@17.0.6/java.util.concurrent.ForkJoinPool.managedBlock(ForkJoinPool.java:3434)
	at java.base@17.0.6/java.util.concurrent.locks.AbstractQueuedSynchronizer$ConditionObject.await(AbstractQueuedSynchronizer.java:1623)
	at java.base@17.0.6/java.util.concurrent.LinkedBlockingQueue.take(LinkedBlockingQueue.java:435)
	at java.base@17.0.6/java.util.concurrent.ThreadPoolExecutor.getTask(ThreadPoolExecutor.java:1062)
	...

